<?xml version="1.0" encoding="UTF-8"?>
<!-- Generated by org.testng.reporters.JUnitReportReporter -->
<testsuite hostname="Tarun" failures="0" tests="1" name="Unit_Testing_Tool.Configuration_Annotation" time="0.008" errors="0" timestamp="2023-05-03T17:28:46 IST" skipped="0">
  <testcase classname="Unit_Testing_Tool.Configuration_Annotation" name="Wednesday" time="0.008"/>
  <system-out>
main method  </system-out>
</testsuite> <!-- Unit_Testing_Tool.Configuration_Annotation -->
