<?xml version="1.0" encoding="UTF-8"?>
<!-- Generated by org.testng.reporters.JUnitReportReporter -->
<testsuite hostname="Tarun" failures="0" tests="5" name="Unit_Testing_Tool.main_method" time="118.130" errors="0" timestamp="2023-05-05T17:15:56 IST" skipped="0">
  <testcase classname="Unit_Testing_Tool.main_method" name="start" time="59.672"/>
  <system-out>
priority is -3  </system-out>
  <testcase classname="Unit_Testing_Tool.main_method" name="start" time="46.974"/>
  <system-out>
priority is -3  </system-out>
  <testcase classname="Unit_Testing_Tool.main_method" name="start" time="4.590"/>
  <system-out>
priority is -3  </system-out>
  <testcase classname="Unit_Testing_Tool.main_method" name="start3" time="3.139"/>
  <system-out>
priority is 3  </system-out>
  <testcase classname="Unit_Testing_Tool.main_method" name="start1" time="3.755"/>
  <system-out>
priority is 0  </system-out>
</testsuite> <!-- Unit_Testing_Tool.main_method -->
